<?xml version="1.0" encoding="UTF-8"?>
<!-- Generated by org.testng.reporters.JUnitXMLReporter -->
<testsuite hostname="Gabysus" ignored="4" name="Default test" tests="1" failures="0" timestamp="24 Sep 2018 02:41:24 GMT" time="82.359" errors="0">
  <testcase name="tc04_UpdateItemTitleFromList" time="71.174" classname="tests.StrangeTest"/>
  <testcase name="tc01_orderStrangeList" time="0.0" classname="tests.StrangeTest">
    <ignored/>
  </testcase> <!-- tc01_orderStrangeList -->
  <testcase name="tc05_DeleteItemFromList" time="0.0" classname="tests.StrangeTest">
    <ignored/>
  </testcase> <!-- tc05_DeleteItemFromList -->
  <testcase name="tc03_AddItemToTheList" time="0.0" classname="tests.StrangeTest">
    <ignored/>
  </testcase> <!-- tc03_AddItemToTheList -->
  <testcase name="tc02_SameAmountOfItemsInListAndInCounter" time="0.0" classname="tests.StrangeTest">
    <ignored/>
  </testcase> <!-- tc02_SameAmountOfItemsInListAndInCounter -->
</testsuite> <!-- Default test -->
